[debug] [2021-06-19T15:56:53.582Z] ----------------------------------------------------------------------
[debug] [2021-06-19T15:56:53.584Z] Command:       C:\Program Files\nodejs\node.exe C:\Users\Admin\AppData\Roaming\npm\node_modules\firebase-tools\lib\bin\firebase.js deploy
[debug] [2021-06-19T15:56:53.584Z] CLI Version:   9.12.1
[debug] [2021-06-19T15:56:53.585Z] Platform:      win32
[debug] [2021-06-19T15:56:53.585Z] Node Version:  v14.17.0
[debug] [2021-06-19T15:56:53.589Z] Time:          Sat Jun 19 2021 18:56:53 GMT+0300 (Moscow Standard Time)
[debug] [2021-06-19T15:56:53.590Z] ----------------------------------------------------------------------
[debug] 
[debug] [2021-06-19T15:56:53.597Z] > command requires scopes: ["email","openid","https://www.googleapis.com/auth/cloudplatformprojects.readonly","https://www.googleapis.com/auth/firebase","https://www.googleapis.com/auth/cloud-platform"]
[debug] [2021-06-19T15:56:53.598Z] > authorizing via signed-in user (feirs911@gmail.com)
[debug] [2021-06-19T15:56:53.598Z] [iam] checking project netflix-react-clone-70d64 for permissions ["firebase.projects.get","firebasehosting.sites.update"]
[debug] [2021-06-19T15:56:53.599Z] > refreshing access token with scopes: ["email","https://www.googleapis.com/auth/cloud-platform","https://www.googleapis.com/auth/cloudplatformprojects.readonly","https://www.googleapis.com/auth/firebase","openid"]
[debug] [2021-06-19T15:56:53.600Z] >>> HTTP REQUEST POST https://www.googleapis.com/oauth2/v3/token  
 <request body omitted>
[debug] [2021-06-19T15:56:53.909Z] <<< HTTP RESPONSE 200 {"expires":"Mon, 01 Jan 1990 00:00:00 GMT","pragma":"no-cache","cache-control":"no-cache, no-store, max-age=0, must-revalidate","date":"Sat, 19 Jun 2021 15:56:55 GMT","content-type":"application/json; charset=utf-8","vary":"X-Origin, Referer, Origin,Accept-Encoding","server":"scaffolding on HTTPServer2","x-xss-protection":"0","x-frame-options":"SAMEORIGIN","x-content-type-options":"nosniff","alt-svc":"h3=\":443\"; ma=2592000,h3-29=\":443\"; ma=2592000,h3-T051=\":443\"; ma=2592000,h3-Q050=\":443\"; ma=2592000,h3-Q046=\":443\"; ma=2592000,h3-Q043=\":443\"; ma=2592000,quic=\":443\"; ma=2592000; v=\"46,43\"","accept-ranges":"none","transfer-encoding":"chunked"}
[debug] [2021-06-19T15:56:53.926Z] >>> HTTP REQUEST POST https://cloudresourcemanager.googleapis.com/v1/projects/netflix-react-clone-70d64:testIamPermissions  
 {"permissions":["firebase.projects.get","firebasehosting.sites.update"]}
[debug] [2021-06-19T15:56:54.896Z] <<< HTTP RESPONSE 200 {"content-type":"application/json; charset=UTF-8","vary":"X-Origin, Referer, Origin,Accept-Encoding","date":"Sat, 19 Jun 2021 15:56:56 GMT","server":"ESF","cache-control":"private","x-xss-protection":"0","x-frame-options":"SAMEORIGIN","x-content-type-options":"nosniff","server-timing":"gfet4t7; dur=768","alt-svc":"h3=\":443\"; ma=2592000,h3-29=\":443\"; ma=2592000,h3-T051=\":443\"; ma=2592000,h3-Q050=\":443\"; ma=2592000,h3-Q046=\":443\"; ma=2592000,h3-Q043=\":443\"; ma=2592000,quic=\":443\"; ma=2592000; v=\"46,43\"","accept-ranges":"none","transfer-encoding":"chunked"}
[debug] [2021-06-19T15:56:54.899Z] > refreshing access token with scopes: []
[debug] [2021-06-19T15:56:54.899Z] >>> HTTP REQUEST POST https://www.googleapis.com/oauth2/v3/token  
 <request body omitted>
[debug] [2021-06-19T15:56:55.079Z] <<< HTTP RESPONSE 200 {"date":"Sat, 19 Jun 2021 15:56:56 GMT","pragma":"no-cache","cache-control":"no-cache, no-store, max-age=0, must-revalidate","expires":"Mon, 01 Jan 1990 00:00:00 GMT","content-type":"application/json; charset=utf-8","vary":"X-Origin, Referer, Origin,Accept-Encoding","server":"scaffolding on HTTPServer2","x-xss-protection":"0","x-frame-options":"SAMEORIGIN","x-content-type-options":"nosniff","alt-svc":"h3=\":443\"; ma=2592000,h3-29=\":443\"; ma=2592000,h3-T051=\":443\"; ma=2592000,h3-Q050=\":443\"; ma=2592000,h3-Q046=\":443\"; ma=2592000,h3-Q043=\":443\"; ma=2592000,quic=\":443\"; ma=2592000; v=\"46,43\"","accept-ranges":"none","transfer-encoding":"chunked"}
[debug] [2021-06-19T15:56:55.094Z] >>> [apiv2][query] GET https://firebase.googleapis.com/v1beta1/projects/netflix-react-clone-70d64 [none]
[debug] [2021-06-19T15:56:55.495Z] <<< [apiv2][status] GET https://firebase.googleapis.com/v1beta1/projects/netflix-react-clone-70d64 200
[debug] [2021-06-19T15:56:55.495Z] <<< [apiv2][body] GET https://firebase.googleapis.com/v1beta1/projects/netflix-react-clone-70d64 {"projectId":"netflix-react-clone-70d64","projectNumber":"108692332489","displayName":"netflix-react-clone","name":"projects/netflix-react-clone-70d64","resources":{"hostingSite":"netflix-react-clone-70d64","storageBucket":"netflix-react-clone-70d64.appspot.com","locationId":"europe-west"},"state":"ACTIVE"}
[info] 
[info] === Deploying to 'netflix-react-clone-70d64'...
[info] 
[info] i  deploying hosting 
[debug] [2021-06-19T15:56:55.499Z] > refreshing access token with scopes: ["email","https://www.googleapis.com/auth/cloud-platform","https://www.googleapis.com/auth/cloudplatformprojects.readonly","https://www.googleapis.com/auth/firebase","openid"]
[debug] [2021-06-19T15:56:55.499Z] >>> HTTP REQUEST POST https://www.googleapis.com/oauth2/v3/token  
 <request body omitted>
[debug] [2021-06-19T15:56:55.665Z] <<< HTTP RESPONSE 200 {"cache-control":"no-cache, no-store, max-age=0, must-revalidate","pragma":"no-cache","expires":"Mon, 01 Jan 1990 00:00:00 GMT","date":"Sat, 19 Jun 2021 15:56:57 GMT","content-type":"application/json; charset=utf-8","vary":"X-Origin, Referer, Origin,Accept-Encoding","server":"scaffolding on HTTPServer2","x-xss-protection":"0","x-frame-options":"SAMEORIGIN","x-content-type-options":"nosniff","alt-svc":"h3=\":443\"; ma=2592000,h3-29=\":443\"; ma=2592000,h3-T051=\":443\"; ma=2592000,h3-Q050=\":443\"; ma=2592000,h3-Q046=\":443\"; ma=2592000,h3-Q043=\":443\"; ma=2592000,quic=\":443\"; ma=2592000; v=\"46,43\"","accept-ranges":"none","transfer-encoding":"chunked"}
[debug] [2021-06-19T15:56:55.679Z] >>> HTTP REQUEST POST https://firebasehosting.googleapis.com/v1beta1/sites/netflix-react-clone-70d64/versions  
 {"config":{"rewrites":[{"glob":"**","path":"/index.html"}]},"labels":{"deployment-tool":"cli-firebase"}}
